<?xml version="1.0" encoding="UTF-8"?>
<testsuite name="com.hackerrank.github.requests.ResourcesControllerTest" tests="1" failures="0" errors="0" skipped="0" time="0.036">
  <testcase classname="com.hackerrank.github.requests.ResourcesControllerTest" name="com.hackerrank.github.requests.ResourcesControllerTest.eraseAllRecords" time="0.036" />
</testsuite>

